2023-03-04T16:31:25.128Z error: Error: Internal server error
    at Object.exports.Signup (/var/www/html/chat-application/src/services/UserServices.js:126:15)
    at processTicksAndRejections (internal/process/task_queues.js:95:5)
    at async exports.signup (/var/www/html/chat-application/src/controllers/UserController.js:24:32)
2023-03-04T16:31:46.702Z error: Error: Internal server error
    at Object.exports.Signup (/var/www/html/chat-application/src/services/UserServices.js:127:15)
    at processTicksAndRejections (internal/process/task_queues.js:95:5)
    at async exports.signup (/var/www/html/chat-application/src/controllers/UserController.js:24:32)
2023-03-04T17:06:06.217Z error: uncaughtException: Route.delete() requires a callback function but got a [object Undefined]
Error: Route.delete() requires a callback function but got a [object Undefined]
    at Route.<computed> [as delete] (/var/www/html/chat-application/node_modules/express/lib/router/route.js:202:15)
    at Function.proto.<computed> [as delete] (/var/www/html/chat-application/node_modules/express/lib/router/index.js:516:19)
    at Object.<anonymous> (/var/www/html/chat-application/src/routes/v1/authRoute.js:33:14)
    at Module._compile (internal/modules/cjs/loader.js:1085:14)
    at Object.Module._extensions..js (internal/modules/cjs/loader.js:1114:10)
    at Module.load (internal/modules/cjs/loader.js:950:32)
    at Function.Module._load (internal/modules/cjs/loader.js:790:14)
    at Module.require (internal/modules/cjs/loader.js:974:19)
    at require (internal/modules/cjs/helpers.js:92:18)
    at Object.<anonymous> (/var/www/html/chat-application/src/app.js:23:19)
2023-03-04T17:06:07.702Z error: uncaughtException: Route.delete() requires a callback function but got a [object Undefined]
Error: Route.delete() requires a callback function but got a [object Undefined]
    at Route.<computed> [as delete] (/var/www/html/chat-application/node_modules/express/lib/router/route.js:202:15)
    at Function.proto.<computed> [as delete] (/var/www/html/chat-application/node_modules/express/lib/router/index.js:516:19)
    at Object.<anonymous> (/var/www/html/chat-application/src/routes/v1/authRoute.js:33:14)
    at Module._compile (internal/modules/cjs/loader.js:1085:14)
    at Object.Module._extensions..js (internal/modules/cjs/loader.js:1114:10)
    at Module.load (internal/modules/cjs/loader.js:950:32)
    at Function.Module._load (internal/modules/cjs/loader.js:790:14)
    at Module.require (internal/modules/cjs/loader.js:974:19)
    at require (internal/modules/cjs/helpers.js:92:18)
    at Object.<anonymous> (/var/www/html/chat-application/src/app.js:23:19)
2023-03-04T17:06:16.843Z error: uncaughtException: Route.delete() requires a callback function but got a [object Undefined]
Error: Route.delete() requires a callback function but got a [object Undefined]
    at Route.<computed> [as delete] (/var/www/html/chat-application/node_modules/express/lib/router/route.js:202:15)
    at Function.proto.<computed> [as delete] (/var/www/html/chat-application/node_modules/express/lib/router/index.js:516:19)
    at Object.<anonymous> (/var/www/html/chat-application/src/routes/v1/authRoute.js:33:14)
    at Module._compile (internal/modules/cjs/loader.js:1085:14)
    at Object.Module._extensions..js (internal/modules/cjs/loader.js:1114:10)
    at Module.load (internal/modules/cjs/loader.js:950:32)
    at Function.Module._load (internal/modules/cjs/loader.js:790:14)
    at Module.require (internal/modules/cjs/loader.js:974:19)
    at require (internal/modules/cjs/helpers.js:92:18)
    at Object.<anonymous> (/var/www/html/chat-application/src/app.js:23:19)
2023-03-04T17:12:33.133Z error: uncaughtException: Identifier 'response' has already been declared
/var/www/html/chat-application/src/services/UserServices.js:288
      const response = await GroupName.destroy( { where : { id : groupID }});
            ^

SyntaxError: Identifier 'response' has already been declared
    at wrapSafe (internal/modules/cjs/loader.js:1001:16)
    at Module._compile (internal/modules/cjs/loader.js:1049:27)
    at Object.Module._extensions..js (internal/modules/cjs/loader.js:1114:10)
    at Module.load (internal/modules/cjs/loader.js:950:32)
    at Function.Module._load (internal/modules/cjs/loader.js:790:14)
    at Module.require (internal/modules/cjs/loader.js:974:19)
    at require (internal/modules/cjs/helpers.js:92:18)
    at Object.<anonymous> (/var/www/html/chat-application/src/controllers/UserController.js:5:21)
    at Module._compile (internal/modules/cjs/loader.js:1085:14)
    at Object.Module._extensions..js (internal/modules/cjs/loader.js:1114:10)
2023-03-04T17:23:47.032Z error: Error: Requested API Not found
    at /var/www/html/chat-application/src/app.js:28:8
    at Layer.handle [as handle_request] (/var/www/html/chat-application/node_modules/express/lib/router/layer.js:95:5)
    at trim_prefix (/var/www/html/chat-application/node_modules/express/lib/router/index.js:323:13)
    at /var/www/html/chat-application/node_modules/express/lib/router/index.js:284:7
    at Function.process_params (/var/www/html/chat-application/node_modules/express/lib/router/index.js:341:12)
    at next (/var/www/html/chat-application/node_modules/express/lib/router/index.js:275:10)
    at /var/www/html/chat-application/node_modules/express/lib/router/index.js:641:15
    at next (/var/www/html/chat-application/node_modules/express/lib/router/index.js:260:14)
    at /var/www/html/chat-application/src/routes/v1/authRoute.js:13:5
    at Layer.handle [as handle_request] (/var/www/html/chat-application/node_modules/express/lib/router/layer.js:95:5)
2023-03-04T17:25:13.775Z error: uncaughtException: Route.get() requires a callback function but got a [object Undefined]
Error: Route.get() requires a callback function but got a [object Undefined]
    at Route.<computed> [as get] (/var/www/html/chat-application/node_modules/express/lib/router/route.js:202:15)
    at Function.proto.<computed> [as get] (/var/www/html/chat-application/node_modules/express/lib/router/index.js:516:19)
    at Object.<anonymous> (/var/www/html/chat-application/src/routes/v1/authRoute.js:37:8)
    at Module._compile (internal/modules/cjs/loader.js:1085:14)
    at Object.Module._extensions..js (internal/modules/cjs/loader.js:1114:10)
    at Module.load (internal/modules/cjs/loader.js:950:32)
    at Function.Module._load (internal/modules/cjs/loader.js:790:14)
    at Module.require (internal/modules/cjs/loader.js:974:19)
    at require (internal/modules/cjs/helpers.js:92:18)
    at Object.<anonymous> (/var/www/html/chat-application/src/app.js:23:19)
2023-03-04T17:25:27.438Z error: uncaughtException: Route.get() requires a callback function but got a [object Undefined]
Error: Route.get() requires a callback function but got a [object Undefined]
    at Route.<computed> [as get] (/var/www/html/chat-application/node_modules/express/lib/router/route.js:202:15)
    at Function.proto.<computed> [as get] (/var/www/html/chat-application/node_modules/express/lib/router/index.js:516:19)
    at Object.<anonymous> (/var/www/html/chat-application/src/routes/v1/authRoute.js:37:8)
    at Module._compile (internal/modules/cjs/loader.js:1085:14)
    at Object.Module._extensions..js (internal/modules/cjs/loader.js:1114:10)
    at Module.load (internal/modules/cjs/loader.js:950:32)
    at Function.Module._load (internal/modules/cjs/loader.js:790:14)
    at Module.require (internal/modules/cjs/loader.js:974:19)
    at require (internal/modules/cjs/helpers.js:92:18)
    at Object.<anonymous> (/var/www/html/chat-application/src/app.js:23:19)
2023-03-04T17:25:28.868Z error: uncaughtException: Route.get() requires a callback function but got a [object Undefined]
Error: Route.get() requires a callback function but got a [object Undefined]
    at Route.<computed> [as get] (/var/www/html/chat-application/node_modules/express/lib/router/route.js:202:15)
    at Function.proto.<computed> [as get] (/var/www/html/chat-application/node_modules/express/lib/router/index.js:516:19)
    at Object.<anonymous> (/var/www/html/chat-application/src/routes/v1/authRoute.js:37:8)
    at Module._compile (internal/modules/cjs/loader.js:1085:14)
    at Object.Module._extensions..js (internal/modules/cjs/loader.js:1114:10)
    at Module.load (internal/modules/cjs/loader.js:950:32)
    at Function.Module._load (internal/modules/cjs/loader.js:790:14)
    at Module.require (internal/modules/cjs/loader.js:974:19)
    at require (internal/modules/cjs/helpers.js:92:18)
    at Object.<anonymous> (/var/www/html/chat-application/src/app.js:23:19)
2023-03-04T17:31:44.663Z error: Error: Internal server error
    at Object.exports.getGroupList (/var/www/html/chat-application/src/services/UserServices.js:340:15)
    at processTicksAndRejections (internal/process/task_queues.js:95:5)
    at async exports.getGroupList (/var/www/html/chat-application/src/controllers/UserController.js:99:31)
2023-03-04T17:32:45.123Z error: Error: Internal server error
    at Object.exports.getGroupList (/var/www/html/chat-application/src/services/UserServices.js:341:15)
    at processTicksAndRejections (internal/process/task_queues.js:95:5)
    at async exports.getGroupList (/var/www/html/chat-application/src/controllers/UserController.js:99:31)
2023-03-04T17:34:47.975Z error: uncaughtException: Unexpected token '}'
/var/www/html/chat-application/src/services/UserServices.js:332
        } else {
        ^

SyntaxError: Unexpected token '}'
    at wrapSafe (internal/modules/cjs/loader.js:1001:16)
    at Module._compile (internal/modules/cjs/loader.js:1049:27)
    at Object.Module._extensions..js (internal/modules/cjs/loader.js:1114:10)
    at Module.load (internal/modules/cjs/loader.js:950:32)
    at Function.Module._load (internal/modules/cjs/loader.js:790:14)
    at Module.require (internal/modules/cjs/loader.js:974:19)
    at require (internal/modules/cjs/helpers.js:92:18)
    at Object.<anonymous> (/var/www/html/chat-application/src/controllers/UserController.js:5:21)
    at Module._compile (internal/modules/cjs/loader.js:1085:14)
    at Object.Module._extensions..js (internal/modules/cjs/loader.js:1114:10)
2023-03-04T17:35:02.974Z error: Error: Internal server error
    at Object.exports.getGroupList (/var/www/html/chat-application/src/services/UserServices.js:342:15)
    at processTicksAndRejections (internal/process/task_queues.js:95:5)
    at async exports.getGroupList (/var/www/html/chat-application/src/controllers/UserController.js:99:31)
2023-03-04T17:36:08.123Z error: Error: Internal server error
    at Object.exports.getGroupList (/var/www/html/chat-application/src/services/UserServices.js:343:15)
    at processTicksAndRejections (internal/process/task_queues.js:95:5)
    at async exports.getGroupList (/var/www/html/chat-application/src/controllers/UserController.js:99:31)
2023-03-04T17:36:53.651Z error: Error: Internal server error
    at Object.exports.getGroupList (/var/www/html/chat-application/src/services/UserServices.js:343:15)
    at processTicksAndRejections (internal/process/task_queues.js:95:5)
    at async exports.getGroupList (/var/www/html/chat-application/src/controllers/UserController.js:99:31)
2023-03-04T17:37:55.505Z error: Error: Internal server error
    at Object.exports.getGroupList (/var/www/html/chat-application/src/services/UserServices.js:343:15)
    at processTicksAndRejections (internal/process/task_queues.js:95:5)
    at async exports.getGroupList (/var/www/html/chat-application/src/controllers/UserController.js:99:31)
2023-03-04T17:41:52.104Z error: Error: Internal server error
    at Object.exports.getGroupList (/var/www/html/chat-application/src/services/UserServices.js:343:15)
    at processTicksAndRejections (internal/process/task_queues.js:95:5)
    at async exports.getGroupList (/var/www/html/chat-application/src/controllers/UserController.js:99:31)
2023-03-04T18:05:16.901Z error: Error: Internal server error
    at Object.exports.getUsersList (/var/www/html/chat-application/src/services/UserServices.js:366:15)
    at exports.getUsersList (/var/www/html/chat-application/src/controllers/UserController.js:112:49)
    at Layer.handle [as handle_request] (/var/www/html/chat-application/node_modules/express/lib/router/layer.js:95:5)
    at next (/var/www/html/chat-application/node_modules/express/lib/router/route.js:137:13)
    at isLoggedIn (/var/www/html/chat-application/src/middleware/AuthenticateUser.js:24:21)
    at processTicksAndRejections (internal/process/task_queues.js:95:5)
2023-03-04T18:06:31.934Z error: Error: Internal server error
    at Object.exports.getUsersList (/var/www/html/chat-application/src/services/UserServices.js:366:15)
    at processTicksAndRejections (internal/process/task_queues.js:95:5)
    at async exports.getUsersList (/var/www/html/chat-application/src/controllers/UserController.js:112:31)
2023-03-04T18:07:56.293Z error: Error: Requested API Not found
    at /var/www/html/chat-application/src/app.js:28:8
    at Layer.handle [as handle_request] (/var/www/html/chat-application/node_modules/express/lib/router/layer.js:95:5)
    at trim_prefix (/var/www/html/chat-application/node_modules/express/lib/router/index.js:323:13)
    at /var/www/html/chat-application/node_modules/express/lib/router/index.js:284:7
    at Function.process_params (/var/www/html/chat-application/node_modules/express/lib/router/index.js:341:12)
    at next (/var/www/html/chat-application/node_modules/express/lib/router/index.js:275:10)
    at /var/www/html/chat-application/node_modules/express/lib/router/index.js:641:15
    at next (/var/www/html/chat-application/node_modules/express/lib/router/index.js:260:14)
    at /var/www/html/chat-application/src/routes/v1/authRoute.js:13:5
    at Layer.handle [as handle_request] (/var/www/html/chat-application/node_modules/express/lib/router/layer.js:95:5)
2023-03-04T18:11:35.106Z error: Error [ERR_HTTP_HEADERS_SENT]: Cannot set headers after they are sent to the client
    at ServerResponse.setHeader (_http_outgoing.js:561:11)
    at ServerResponse.header (/var/www/html/chat-application/node_modules/express/lib/response.js:776:10)
    at ServerResponse.send (/var/www/html/chat-application/node_modules/express/lib/response.js:170:12)
    at ServerResponse.json (/var/www/html/chat-application/node_modules/express/lib/response.js:267:15)
    at Object.exports.customeResponse (/var/www/html/chat-application/src/helpers/apiResponse.js:7:28)
    at exports.signup (/var/www/html/chat-application/src/controllers/UserController.js:25:18)
    at processTicksAndRejections (internal/process/task_queues.js:95:5)
2023-03-04T18:14:28.310Z error: uncaughtException: Route.post() requires a callback function but got a [object Undefined]
Error: Route.post() requires a callback function but got a [object Undefined]
    at Route.<computed> [as post] (/var/www/html/chat-application/node_modules/express/lib/router/route.js:202:15)
    at Function.proto.<computed> [as post] (/var/www/html/chat-application/node_modules/express/lib/router/index.js:516:19)
    at Object.<anonymous> (/var/www/html/chat-application/src/routes/v1/authRoute.js:20:8)
    at Module._compile (internal/modules/cjs/loader.js:1085:14)
    at Object.Module._extensions..js (internal/modules/cjs/loader.js:1114:10)
    at Module.load (internal/modules/cjs/loader.js:950:32)
    at Function.Module._load (internal/modules/cjs/loader.js:790:14)
    at Module.require (internal/modules/cjs/loader.js:974:19)
    at require (internal/modules/cjs/helpers.js:92:18)
    at Object.<anonymous> (/var/www/html/chat-application/src/app.js:23:19)
